  SpotifyAPI.cpp
F:\Prehistoric - C++\Visual Studio Projects\Projects\Spotify-API\SpotifyTest\vendor\spotify-api-plusplus\src\utils\json.h(8301,35): warning C4996: 'std::iterator<std::random_access_iterator_tag,U,ptrdiff_t,U *,U &>': warning STL4015: The std::iterator class template (used as a base class to provide typedefs) is deprecated in C++17. (The <iterator> header is NOT deprecated.) The C++ Standard has never required user-defined iterators to derive from std::iterator. To fix this warning, stop deriving from std::iterator and start providing publicly accessible typedefs named iterator_category, value_type, difference_type, pointer, and reference. Note that value_type is required to be non-const, even for constant iterators. You can define _SILENCE_CXX17_ITERATOR_BASE_CLASS_DEPRECATION_WARNING or _SILENCE_ALL_CXX17_DEPRECATION_WARNINGS to acknowledge that you have received this warning.
          with
          [
              U=nlohmann::basic_json<std::map,std::vector,std::string,bool,int64_t,uint64_t,double,std::allocator>
          ]
C:\Program Files (x86)\Microsoft Visual Studio\2019\Preview\VC\Tools\MSVC\14.29.30133\include\xutility(5911,54): message : see declaration of 'std::iterator'
F:\Prehistoric - C++\Visual Studio Projects\Projects\Spotify-API\SpotifyTest\vendor\spotify-api-plusplus\src\SpotifyAPI.cpp(57): message : see reference to class template instantiation 'nlohmann::basic_json<std::map,std::vector,std::string,bool,int64_t,uint64_t,double,std::allocator>::iter_impl<nlohmann::basic_json<std::map,std::vector,std::string,bool,int64_t,uint64_t,double,std::allocator>>' being compiled
F:\Prehistoric - C++\Visual Studio Projects\Projects\Spotify-API\SpotifyTest\vendor\spotify-api-plusplus\src\utils\json.h(8301,35): warning C4996: 'std::iterator<std::random_access_iterator_tag,U,ptrdiff_t,U *,U &>': warning STL4015: The std::iterator class template (used as a base class to provide typedefs) is deprecated in C++17. (The <iterator> header is NOT deprecated.) The C++ Standard has never required user-defined iterators to derive from std::iterator. To fix this warning, stop deriving from std::iterator and start providing publicly accessible typedefs named iterator_category, value_type, difference_type, pointer, and reference. Note that value_type is required to be non-const, even for constant iterators. You can define _SILENCE_CXX17_ITERATOR_BASE_CLASS_DEPRECATION_WARNING or _SILENCE_ALL_CXX17_DEPRECATION_WARNINGS to acknowledge that you have received this warning.
          with
          [
              U=const nlohmann::basic_json<std::map,std::vector,std::string,bool,int64_t,uint64_t,double,std::allocator>
          ]
C:\Program Files (x86)\Microsoft Visual Studio\2019\Preview\VC\Tools\MSVC\14.29.30133\include\xutility(5911,54): message : see declaration of 'std::iterator'
F:\Prehistoric - C++\Visual Studio Projects\Projects\Spotify-API\SpotifyTest\vendor\spotify-api-plusplus\src\SpotifyAPI.cpp(57): message : see reference to class template instantiation 'nlohmann::basic_json<std::map,std::vector,std::string,bool,int64_t,uint64_t,double,std::allocator>::iter_impl<const nlohmann::basic_json<std::map,std::vector,std::string,bool,int64_t,uint64_t,double,std::allocator>>' being compiled
F:\Prehistoric - C++\Visual Studio Projects\Projects\Spotify-API\SpotifyTest\vendor\spotify-api-plusplus\src\utils\json.h(2133,22): warning C4996: 'std::allocator<std::map<StringType,nlohmann::basic_json<std::map,std::vector,StringType,bool,int64_t,uint64_t,double,std::allocator>,std::less<StringType>,std::allocator<std::pair<const StringType,nlohmann::basic_json<std::map,std::vector,StringType,bool,int64_t,uint64_t,double,std::allocator>>>>>::destroy': warning STL4010: Various members of std::allocator are deprecated in C++17. Use std::allocator_traits instead of accessing these members directly. You can define _SILENCE_CXX17_OLD_ALLOCATOR_MEMBERS_DEPRECATION_WARNING or _SILENCE_ALL_CXX17_DEPRECATION_WARNINGS to acknowledge that you have received this warning.
          with
          [
              StringType=std::string
          ]
F:\Prehistoric - C++\Visual Studio Projects\Projects\Spotify-API\SpotifyTest\vendor\spotify-api-plusplus\src\utils\json.h(2125): message : while compiling class template member function 'nlohmann::basic_json<std::map,std::vector,std::string,bool,int64_t,uint64_t,double,std::allocator>::~basic_json(void)'
F:\Prehistoric - C++\Visual Studio Projects\Projects\Spotify-API\SpotifyTest\vendor\spotify-api-plusplus\src\utils\json.h(12249): message : see reference to function template instantiation 'nlohmann::basic_json<std::map,std::vector,std::string,bool,int64_t,uint64_t,double,std::allocator>::~basic_json(void)' being compiled
F:\Prehistoric - C++\Visual Studio Projects\Projects\Spotify-API\SpotifyTest\vendor\spotify-api-plusplus\src\utils\json.h(12209): message : see reference to class template instantiation 'nlohmann::basic_json<std::map,std::vector,std::string,bool,int64_t,uint64_t,double,std::allocator>' being compiled
F:\Prehistoric - C++\Visual Studio Projects\Projects\Spotify-API\SpotifyTest\vendor\spotify-api-plusplus\src\utils\json.h(2141,22): warning C4996: 'std::allocator<std::vector<nlohmann::basic_json<std::map,std::vector,std::string,bool,int64_t,uint64_t,double,std::allocator>,std::allocator<nlohmann::basic_json<std::map,std::vector,std::string,bool,int64_t,uint64_t,double,std::allocator>>>>::destroy': warning STL4010: Various members of std::allocator are deprecated in C++17. Use std::allocator_traits instead of accessing these members directly. You can define _SILENCE_CXX17_OLD_ALLOCATOR_MEMBERS_DEPRECATION_WARNING or _SILENCE_ALL_CXX17_DEPRECATION_WARNINGS to acknowledge that you have received this warning.
F:\Prehistoric - C++\Visual Studio Projects\Projects\Spotify-API\SpotifyTest\vendor\spotify-api-plusplus\src\utils\json.h(2149,22): warning C4996: 'std::allocator<std::string>::destroy': warning STL4010: Various members of std::allocator are deprecated in C++17. Use std::allocator_traits instead of accessing these members directly. You can define _SILENCE_CXX17_OLD_ALLOCATOR_MEMBERS_DEPRECATION_WARNING or _SILENCE_ALL_CXX17_DEPRECATION_WARNINGS to acknowledge that you have received this warning.
F:\Prehistoric - C++\Visual Studio Projects\Projects\Spotify-API\SpotifyTest\vendor\spotify-api-plusplus\src\utils\json.h(769,14): warning C4996: 'std::allocator<std::map<StringType,nlohmann::basic_json<std::map,std::vector,StringType,bool,int64_t,uint64_t,double,std::allocator>,std::less<StringType>,std::allocator<std::pair<const StringType,nlohmann::basic_json<std::map,std::vector,StringType,bool,int64_t,uint64_t,double,std::allocator>>>>>::construct': warning STL4010: Various members of std::allocator are deprecated in C++17. Use std::allocator_traits instead of accessing these members directly. You can define _SILENCE_CXX17_OLD_ALLOCATOR_MEMBERS_DEPRECATION_WARNING or _SILENCE_ALL_CXX17_DEPRECATION_WARNINGS to acknowledge that you have received this warning.
          with
          [
              StringType=std::string
          ]
F:\Prehistoric - C++\Visual Studio Projects\Projects\Spotify-API\SpotifyTest\vendor\spotify-api-plusplus\src\utils\json.h(3418): message : see reference to function template instantiation 'T *nlohmann::basic_json<std::map,std::vector,std::string,bool,int64_t,uint64_t,double,std::allocator>::create<std::map<StringType,nlohmann::basic_json<std::map,std::vector,StringType,bool,int64_t,uint64_t,double,std::allocator>,std::less<StringType>,std::allocator<std::pair<const StringType,nlohmann::basic_json<std::map,std::vector,StringType,bool,int64_t,uint64_t,double,std::allocator>>>>,>(void)' being compiled
          with
          [
              T=std::map<std::string,nlohmann::basic_json<std::map,std::vector,std::string,bool,int64_t,uint64_t,double,std::allocator>,std::less<std::string>,std::allocator<std::pair<const std::string,nlohmann::basic_json<std::map,std::vector,std::string,bool,int64_t,uint64_t,double,std::allocator>>>>,
              StringType=std::string
          ]
F:\Prehistoric - C++\Visual Studio Projects\Projects\Spotify-API\SpotifyTest\vendor\spotify-api-plusplus\src\utils\json.h(3423): message : see reference to function template instantiation 'T *nlohmann::basic_json<std::map,std::vector,std::string,bool,int64_t,uint64_t,double,std::allocator>::create<std::map<StringType,nlohmann::basic_json<std::map,std::vector,StringType,bool,int64_t,uint64_t,double,std::allocator>,std::less<StringType>,std::allocator<std::pair<const StringType,nlohmann::basic_json<std::map,std::vector,StringType,bool,int64_t,uint64_t,double,std::allocator>>>>,>(void)' being compiled
          with
          [
              T=std::map<std::string,nlohmann::basic_json<std::map,std::vector,std::string,bool,int64_t,uint64_t,double,std::allocator>,std::less<std::string>,std::allocator<std::pair<const std::string,nlohmann::basic_json<std::map,std::vector,std::string,bool,int64_t,uint64_t,double,std::allocator>>>>,
              StringType=std::string
          ]
F:\Prehistoric - C++\Visual Studio Projects\Projects\Spotify-API\SpotifyTest\vendor\spotify-api-plusplus\src\utils\json.h(3418): message : while compiling class template member function 'nlohmann::basic_json<std::map,std::vector,std::string,bool,int64_t,uint64_t,double,std::allocator> &nlohmann::basic_json<std::map,std::vector,std::string,bool,int64_t,uint64_t,double,std::allocator>::operator [](const std::basic_string<char,std::char_traits<char>,std::allocator<char>> &)'
F:\Prehistoric - C++\Visual Studio Projects\Projects\Spotify-API\SpotifyTest\vendor\spotify-api-plusplus\src\SpotifyAPI.cpp(307): message : see reference to function template instantiation 'nlohmann::basic_json<std::map,std::vector,std::string,bool,int64_t,uint64_t,double,std::allocator> &nlohmann::basic_json<std::map,std::vector,std::string,bool,int64_t,uint64_t,double,std::allocator>::operator [](const std::basic_string<char,std::char_traits<char>,std::allocator<char>> &)' being compiled
  spotify-api-plusplus.vcxproj -> F:\Prehistoric - C++\Visual Studio Projects\Projects\Spotify-API\SpotifyTest\vendor\spotify-api-plusplus\bin\Debug-windows-x86_64\spotify-api-plusplus\spotify-api-plusplus.lib
