f:\prehistoric - c++\visual studio projects\projects\spotify-api\spotifytest\vendor\spotify-api-plusplus\bin-int\debug-windows-x86_64\spotify-api-plusplus\context.obj
f:\prehistoric - c++\visual studio projects\projects\spotify-api\spotifytest\vendor\spotify-api-plusplus\bin-int\debug-windows-x86_64\spotify-api-plusplus\playlist.obj
f:\prehistoric - c++\visual studio projects\projects\spotify-api\spotifytest\vendor\spotify-api-plusplus\bin-int\debug-windows-x86_64\spotify-api-plusplus\spotifyapi.obj
f:\prehistoric - c++\visual studio projects\projects\spotify-api\spotifytest\vendor\spotify-api-plusplus\bin-int\debug-windows-x86_64\spotify-api-plusplus\error.obj
f:\prehistoric - c++\visual studio projects\projects\spotify-api\spotifytest\vendor\spotify-api-plusplus\bin-int\debug-windows-x86_64\spotify-api-plusplus\savedalbum.obj
f:\prehistoric - c++\visual studio projects\projects\spotify-api\spotifytest\vendor\spotify-api-plusplus\bin-int\debug-windows-x86_64\spotify-api-plusplus\cursor.obj
f:\prehistoric - c++\visual studio projects\projects\spotify-api\spotifytest\vendor\spotify-api-plusplus\bin-int\debug-windows-x86_64\spotify-api-plusplus\savedtrack.obj
f:\prehistoric - c++\visual studio projects\projects\spotify-api\spotifytest\vendor\spotify-api-plusplus\bin-int\debug-windows-x86_64\spotify-api-plusplus\currentlyplayingcontext.obj
f:\prehistoric - c++\visual studio projects\projects\spotify-api\spotifytest\vendor\spotify-api-plusplus\bin-int\debug-windows-x86_64\spotify-api-plusplus\playlistsimple.obj
f:\prehistoric - c++\visual studio projects\projects\spotify-api\spotifytest\vendor\spotify-api-plusplus\bin-int\debug-windows-x86_64\spotify-api-plusplus\device.obj
f:\prehistoric - c++\visual studio projects\projects\spotify-api\spotifytest\vendor\spotify-api-plusplus\bin-int\debug-windows-x86_64\spotify-api-plusplus\playhistoryobject.obj
f:\prehistoric - c++\visual studio projects\projects\spotify-api\spotifytest\vendor\spotify-api-plusplus\bin-int\debug-windows-x86_64\spotify-api-plusplus\artistsimple.obj
f:\prehistoric - c++\visual studio projects\projects\spotify-api\spotifytest\vendor\spotify-api-plusplus\bin-int\debug-windows-x86_64\spotify-api-plusplus\tracksimple.obj
f:\prehistoric - c++\visual studio projects\projects\spotify-api\spotifytest\vendor\spotify-api-plusplus\bin-int\debug-windows-x86_64\spotify-api-plusplus\copyright.obj
f:\prehistoric - c++\visual studio projects\projects\spotify-api\spotifytest\vendor\spotify-api-plusplus\bin-int\debug-windows-x86_64\spotify-api-plusplus\recommendationsseed.obj
f:\prehistoric - c++\visual studio projects\projects\spotify-api\spotifytest\vendor\spotify-api-plusplus\bin-int\debug-windows-x86_64\spotify-api-plusplus\artist.obj
f:\prehistoric - c++\visual studio projects\projects\spotify-api\spotifytest\vendor\spotify-api-plusplus\bin-int\debug-windows-x86_64\spotify-api-plusplus\user.obj
f:\prehistoric - c++\visual studio projects\projects\spotify-api\spotifytest\vendor\spotify-api-plusplus\bin-int\debug-windows-x86_64\spotify-api-plusplus\album.obj
f:\prehistoric - c++\visual studio projects\projects\spotify-api\spotifytest\vendor\spotify-api-plusplus\bin-int\debug-windows-x86_64\spotify-api-plusplus\albumsimple.obj
f:\prehistoric - c++\visual studio projects\projects\spotify-api\spotifytest\vendor\spotify-api-plusplus\bin-int\debug-windows-x86_64\spotify-api-plusplus\audiofeatures.obj
f:\prehistoric - c++\visual studio projects\projects\spotify-api\spotifytest\vendor\spotify-api-plusplus\bin-int\debug-windows-x86_64\spotify-api-plusplus\track.obj
f:\prehistoric - c++\visual studio projects\projects\spotify-api\spotifytest\vendor\spotify-api-plusplus\bin-int\debug-windows-x86_64\spotify-api-plusplus\category.obj
f:\prehistoric - c++\visual studio projects\projects\spotify-api\spotifytest\vendor\spotify-api-plusplus\bin-int\debug-windows-x86_64\spotify-api-plusplus\userpublic.obj
f:\prehistoric - c++\visual studio projects\projects\spotify-api\spotifytest\vendor\spotify-api-plusplus\bin-int\debug-windows-x86_64\spotify-api-plusplus\currentlyplayingtrack.obj
f:\prehistoric - c++\visual studio projects\projects\spotify-api\spotifytest\vendor\spotify-api-plusplus\bin-int\debug-windows-x86_64\spotify-api-plusplus\playlisttrack.obj
f:\prehistoric - c++\visual studio projects\projects\spotify-api\spotifytest\vendor\spotify-api-plusplus\bin-int\debug-windows-x86_64\spotify-api-plusplus\image.obj
f:\prehistoric - c++\visual studio projects\projects\spotify-api\spotifytest\vendor\spotify-api-plusplus\bin-int\debug-windows-x86_64\spotify-api-plusplus\tracklink.obj
f:\prehistoric - c++\visual studio projects\projects\spotify-api\spotifytest\vendor\spotify-api-plusplus\bin-int\debug-windows-x86_64\spotify-api-plusplus\followers.obj
f:\prehistoric - c++\visual studio projects\projects\spotify-api\spotifytest\vendor\spotify-api-plusplus\bin-int\debug-windows-x86_64\spotify-api-plusplus\recommendations.obj
f:\prehistoric - c++\visual studio projects\projects\spotify-api\spotifytest\vendor\spotify-api-plusplus\bin\debug-windows-x86_64\spotify-api-plusplus\spotify-api-plusplus.pdb
f:\prehistoric - c++\visual studio projects\projects\spotify-api\spotifytest\vendor\spotify-api-plusplus\bin\debug-windows-x86_64\spotify-api-plusplus\spotify-api-plusplus.lib
f:\prehistoric - c++\visual studio projects\projects\spotify-api\spotifytest\vendor\spotify-api-plusplus\bin-int\debug-windows-x86_64\spotify-api-plusplus\spotify-.ef1b3f7d.tlog\cl.10672.write.1.tlog
f:\prehistoric - c++\visual studio projects\projects\spotify-api\spotifytest\vendor\spotify-api-plusplus\bin-int\debug-windows-x86_64\spotify-api-plusplus\spotify-.ef1b3f7d.tlog\cl.command.1.tlog
f:\prehistoric - c++\visual studio projects\projects\spotify-api\spotifytest\vendor\spotify-api-plusplus\bin-int\debug-windows-x86_64\spotify-api-plusplus\spotify-.ef1b3f7d.tlog\cl.read.1.tlog
f:\prehistoric - c++\visual studio projects\projects\spotify-api\spotifytest\vendor\spotify-api-plusplus\bin-int\debug-windows-x86_64\spotify-api-plusplus\spotify-.ef1b3f7d.tlog\lib-link.read.1.tlog
f:\prehistoric - c++\visual studio projects\projects\spotify-api\spotifytest\vendor\spotify-api-plusplus\bin-int\debug-windows-x86_64\spotify-api-plusplus\spotify-.ef1b3f7d.tlog\lib-link.write.1.tlog
f:\prehistoric - c++\visual studio projects\projects\spotify-api\spotifytest\vendor\spotify-api-plusplus\bin-int\debug-windows-x86_64\spotify-api-plusplus\spotify-.ef1b3f7d.tlog\lib.command.1.tlog
